This is pdfTeX, Version 3.14159265-2.6-1.40.16 (TeX Live 2015/Debian) (preloaded format=pdflatex 2020.6.30)  16 SEP 2020 21:14
entering extended mode
 restricted \write18 enabled.
 %&-line parsing enabled.
**project_report.tex
(./project_report.tex
LaTeX2e <2016/02/01>
Babel <3.9q> and hyphenation patterns for 81 language(s) loaded.
(/usr/share/texlive/texmf-dist/tex/latex/base/report.cls
Document Class: report 2014/09/29 v1.4h Standard LaTeX document class
(/usr/share/texlive/texmf-dist/tex/latex/base/size10.clo
File: size10.clo 2014/09/29 v1.4h Standard LaTeX file (size option)
)
\c@part=\count79
\c@chapter=\count80
\c@section=\count81
\c@subsection=\count82
\c@subsubsection=\count83
\c@paragraph=\count84
\c@subparagraph=\count85
\c@figure=\count86
\c@table=\count87
\abovecaptionskip=\skip41
\belowcaptionskip=\skip42
\bibindent=\dimen102
)
(/usr/share/texlive/texmf-dist/tex/generic/babel/babel.sty
Package: babel 2016/02/24 3.9q The Babel package

(/usr/share/texlive/texmf-dist/tex/generic/babel-english/english.ldf
Language: english 2012/08/20 v3.3p English support from the babel system

(/usr/share/texlive/texmf-dist/tex/generic/babel/babel.def
File: babel.def 2016/02/24 3.9q Babel common definitions
\babel@savecnt=\count88
\U@D=\dimen103
)
\l@canadian = a dialect from \language\l@american 
\l@australian = a dialect from \language\l@british 
\l@newzealand = a dialect from \language\l@british 
))
(/usr/share/texlive/texmf-dist/tex/latex/base/inputenc.sty
Package: inputenc 2015/03/17 v1.2c Input encoding file
\inpenc@prehook=\toks14
\inpenc@posthook=\toks15

(/usr/share/texlive/texmf-dist/tex/latex/base/utf8.def
File: utf8.def 2015/12/03 v1.1r UTF-8 support for inputenc
Now handling font encoding OML ...
... no UTF-8 mapping file for font encoding OML
Now handling font encoding T1 ...
... processing UTF-8 mapping file for font encoding T1

(/usr/share/texlive/texmf-dist/tex/latex/base/t1enc.dfu
File: t1enc.dfu 2015/12/03 v1.1r UTF-8 support for inputenc
   defining Unicode char U+00A0 (decimal 160)
   defining Unicode char U+00A1 (decimal 161)
   defining Unicode char U+00A3 (decimal 163)
   defining Unicode char U+00AB (decimal 171)
   defining Unicode char U+00AD (decimal 173)
   defining Unicode char U+00BB (decimal 187)
   defining Unicode char U+00BF (decimal 191)
   defining Unicode char U+00C0 (decimal 192)
   defining Unicode char U+00C1 (decimal 193)
   defining Unicode char U+00C2 (decimal 194)
   defining Unicode char U+00C3 (decimal 195)
   defining Unicode char U+00C4 (decimal 196)
   defining Unicode char U+00C5 (decimal 197)
   defining Unicode char U+00C6 (decimal 198)
   defining Unicode char U+00C7 (decimal 199)
   defining Unicode char U+00C8 (decimal 200)
   defining Unicode char U+00C9 (decimal 201)
   defining Unicode char U+00CA (decimal 202)
   defining Unicode char U+00CB (decimal 203)
   defining Unicode char U+00CC (decimal 204)
   defining Unicode char U+00CD (decimal 205)
   defining Unicode char U+00CE (decimal 206)
   defining Unicode char U+00CF (decimal 207)
   defining Unicode char U+00D0 (decimal 208)
   defining Unicode char U+00D1 (decimal 209)
   defining Unicode char U+00D2 (decimal 210)
   defining Unicode char U+00D3 (decimal 211)
   defining Unicode char U+00D4 (decimal 212)
   defining Unicode char U+00D5 (decimal 213)
   defining Unicode char U+00D6 (decimal 214)
   defining Unicode char U+00D8 (decimal 216)
   defining Unicode char U+00D9 (decimal 217)
   defining Unicode char U+00DA (decimal 218)
   defining Unicode char U+00DB (decimal 219)
   defining Unicode char U+00DC (decimal 220)
   defining Unicode char U+00DD (decimal 221)
   defining Unicode char U+00DE (decimal 222)
   defining Unicode char U+00DF (decimal 223)
   defining Unicode char U+00E0 (decimal 224)
   defining Unicode char U+00E1 (decimal 225)
   defining Unicode char U+00E2 (decimal 226)
   defining Unicode char U+00E3 (decimal 227)
   defining Unicode char U+00E4 (decimal 228)
   defining Unicode char U+00E5 (decimal 229)
   defining Unicode char U+00E6 (decimal 230)
   defining Unicode char U+00E7 (decimal 231)
   defining Unicode char U+00E8 (decimal 232)
   defining Unicode char U+00E9 (decimal 233)
   defining Unicode char U+00EA (decimal 234)
   defining Unicode char U+00EB (decimal 235)
   defining Unicode char U+00EC (decimal 236)
   defining Unicode char U+00ED (decimal 237)
   defining Unicode char U+00EE (decimal 238)
   defining Unicode char U+00EF (decimal 239)
   defining Unicode char U+00F0 (decimal 240)
   defining Unicode char U+00F1 (decimal 241)
   defining Unicode char U+00F2 (decimal 242)
   defining Unicode char U+00F3 (decimal 243)
   defining Unicode char U+00F4 (decimal 244)
   defining Unicode char U+00F5 (decimal 245)
   defining Unicode char U+00F6 (decimal 246)
   defining Unicode char U+00F8 (decimal 248)
   defining Unicode char U+00F9 (decimal 249)
   defining Unicode char U+00FA (decimal 250)
   defining Unicode char U+00FB (decimal 251)
   defining Unicode char U+00FC (decimal 252)
   defining Unicode char U+00FD (decimal 253)
   defining Unicode char U+00FE (decimal 254)
   defining Unicode char U+00FF (decimal 255)
   defining Unicode char U+0100 (decimal 256)
   defining Unicode char U+0101 (decimal 257)
   defining Unicode char U+0102 (decimal 258)
   defining Unicode char U+0103 (decimal 259)
   defining Unicode char U+0104 (decimal 260)
   defining Unicode char U+0105 (decimal 261)
   defining Unicode char U+0106 (decimal 262)
   defining Unicode char U+0107 (decimal 263)
   defining Unicode char U+0108 (decimal 264)
   defining Unicode char U+0109 (decimal 265)
   defining Unicode char U+010A (decimal 266)
   defining Unicode char U+010B (decimal 267)
   defining Unicode char U+010C (decimal 268)
   defining Unicode char U+010D (decimal 269)
   defining Unicode char U+010E (decimal 270)
   defining Unicode char U+010F (decimal 271)
   defining Unicode char U+0110 (decimal 272)
   defining Unicode char U+0111 (decimal 273)
   defining Unicode char U+0112 (decimal 274)
   defining Unicode char U+0113 (decimal 275)
   defining Unicode char U+0114 (decimal 276)
   defining Unicode char U+0115 (decimal 277)
   defining Unicode char U+0116 (decimal 278)
   defining Unicode char U+0117 (decimal 279)
   defining Unicode char U+0118 (decimal 280)
   defining Unicode char U+0119 (decimal 281)
   defining Unicode char U+011A (decimal 282)
   defining Unicode char U+011B (decimal 283)
   defining Unicode char U+011C (decimal 284)
   defining Unicode char U+011D (decimal 285)
   defining Unicode char U+011E (decimal 286)
   defining Unicode char U+011F (decimal 287)
   defining Unicode char U+0120 (decimal 288)
   defining Unicode char U+0121 (decimal 289)
   defining Unicode char U+0122 (decimal 290)
   defining Unicode char U+0123 (decimal 291)
   defining Unicode char U+0124 (decimal 292)
   defining Unicode char U+0125 (decimal 293)
   defining Unicode char U+0128 (decimal 296)
   defining Unicode char U+0129 (decimal 297)
   defining Unicode char U+012A (decimal 298)
   defining Unicode char U+012B (decimal 299)
   defining Unicode char U+012C (decimal 300)
   defining Unicode char U+012D (decimal 301)
   defining Unicode char U+012E (decimal 302)
   defining Unicode char U+012F (decimal 303)
   defining Unicode char U+0130 (decimal 304)
   defining Unicode char U+0131 (decimal 305)
   defining Unicode char U+0132 (decimal 306)
   defining Unicode char U+0133 (decimal 307)
   defining Unicode char U+0134 (decimal 308)
   defining Unicode char U+0135 (decimal 309)
   defining Unicode char U+0136 (decimal 310)
   defining Unicode char U+0137 (decimal 311)
   defining Unicode char U+0139 (decimal 313)
   defining Unicode char U+013A (decimal 314)
   defining Unicode char U+013B (decimal 315)
   defining Unicode char U+013C (decimal 316)
   defining Unicode char U+013D (decimal 317)
   defining Unicode char U+013E (decimal 318)
   defining Unicode char U+0141 (decimal 321)
   defining Unicode char U+0142 (decimal 322)
   defining Unicode char U+0143 (decimal 323)
   defining Unicode char U+0144 (decimal 324)
   defining Unicode char U+0145 (decimal 325)
   defining Unicode char U+0146 (decimal 326)
   defining Unicode char U+0147 (decimal 327)
   defining Unicode char U+0148 (decimal 328)
   defining Unicode char U+014A (decimal 330)
   defining Unicode char U+014B (decimal 331)
   defining Unicode char U+014C (decimal 332)
   defining Unicode char U+014D (decimal 333)
   defining Unicode char U+014E (decimal 334)
   defining Unicode char U+014F (decimal 335)
   defining Unicode char U+0150 (decimal 336)
   defining Unicode char U+0151 (decimal 337)
   defining Unicode char U+0152 (decimal 338)
   defining Unicode char U+0153 (decimal 339)
   defining Unicode char U+0154 (decimal 340)
   defining Unicode char U+0155 (decimal 341)
   defining Unicode char U+0156 (decimal 342)
   defining Unicode char U+0157 (decimal 343)
   defining Unicode char U+0158 (decimal 344)
   defining Unicode char U+0159 (decimal 345)
   defining Unicode char U+015A (decimal 346)
   defining Unicode char U+015B (decimal 347)
   defining Unicode char U+015C (decimal 348)
   defining Unicode char U+015D (decimal 349)
   defining Unicode char U+015E (decimal 350)
   defining Unicode char U+015F (decimal 351)
   defining Unicode char U+0160 (decimal 352)
   defining Unicode char U+0161 (decimal 353)
   defining Unicode char U+0162 (decimal 354)
   defining Unicode char U+0163 (decimal 355)
   defining Unicode char U+0164 (decimal 356)
   defining Unicode char U+0165 (decimal 357)
   defining Unicode char U+0168 (decimal 360)
   defining Unicode char U+0169 (decimal 361)
   defining Unicode char U+016A (decimal 362)
   defining Unicode char U+016B (decimal 363)
   defining Unicode char U+016C (decimal 364)
   defining Unicode char U+016D (decimal 365)
   defining Unicode char U+016E (decimal 366)
   defining Unicode char U+016F (decimal 367)
   defining Unicode char U+0170 (decimal 368)
   defining Unicode char U+0171 (decimal 369)
   defining Unicode char U+0172 (decimal 370)
   defining Unicode char U+0173 (decimal 371)
   defining Unicode char U+0174 (decimal 372)
   defining Unicode char U+0175 (decimal 373)
   defining Unicode char U+0176 (decimal 374)
   defining Unicode char U+0177 (decimal 375)
   defining Unicode char U+0178 (decimal 376)
   defining Unicode char U+0179 (decimal 377)
   defining Unicode char U+017A (decimal 378)
   defining Unicode char U+017B (decimal 379)
   defining Unicode char U+017C (decimal 380)
   defining Unicode char U+017D (decimal 381)
   defining Unicode char U+017E (decimal 382)
   defining Unicode char U+01CD (decimal 461)
   defining Unicode char U+01CE (decimal 462)
   defining Unicode char U+01CF (decimal 463)
   defining Unicode char U+01D0 (decimal 464)
   defining Unicode char U+01D1 (decimal 465)
   defining Unicode char U+01D2 (decimal 466)
   defining Unicode char U+01D3 (decimal 467)
   defining Unicode char U+01D4 (decimal 468)
   defining Unicode char U+01E2 (decimal 482)
   defining Unicode char U+01E3 (decimal 483)
   defining Unicode char U+01E6 (decimal 486)
   defining Unicode char U+01E7 (decimal 487)
   defining Unicode char U+01E8 (decimal 488)
   defining Unicode char U+01E9 (decimal 489)
   defining Unicode char U+01EA (decimal 490)
   defining Unicode char U+01EB (decimal 491)
   defining Unicode char U+01F0 (decimal 496)
   defining Unicode char U+01F4 (decimal 500)
   defining Unicode char U+01F5 (decimal 501)
   defining Unicode char U+0218 (decimal 536)
   defining Unicode char U+0219 (decimal 537)
   defining Unicode char U+021A (decimal 538)
   defining Unicode char U+021B (decimal 539)
   defining Unicode char U+01E02 (decimal 7682)
   defining Unicode char U+01E03 (decimal 7683)
   defining Unicode char U+200C (decimal 8204)
   defining Unicode char U+2013 (decimal 8211)
   defining Unicode char U+2014 (decimal 8212)
   defining Unicode char U+2018 (decimal 8216)
   defining Unicode char U+2019 (decimal 8217)
   defining Unicode char U+201A (decimal 8218)
   defining Unicode char U+201C (decimal 8220)
   defining Unicode char U+201D (decimal 8221)
   defining Unicode char U+201E (decimal 8222)
   defining Unicode char U+2030 (decimal 8240)
   defining Unicode char U+2031 (decimal 8241)
   defining Unicode char U+2039 (decimal 8249)
   defining Unicode char U+203A (decimal 8250)
   defining Unicode char U+2423 (decimal 9251)
)
Now handling font encoding OT1 ...
... processing UTF-8 mapping file for font encoding OT1

(/usr/share/texlive/texmf-dist/tex/latex/base/ot1enc.dfu
File: ot1enc.dfu 2015/12/03 v1.1r UTF-8 support for inputenc
   defining Unicode char U+00A0 (decimal 160)
   defining Unicode char U+00A1 (decimal 161)
   defining Unicode char U+00A3 (decimal 163)
   defining Unicode char U+00AD (decimal 173)
   defining Unicode char U+00B8 (decimal 184)
   defining Unicode char U+00BF (decimal 191)
   defining Unicode char U+00C5 (decimal 197)
   defining Unicode char U+00C6 (decimal 198)
   defining Unicode char U+00D8 (decimal 216)
   defining Unicode char U+00DF (decimal 223)
   defining Unicode char U+00E6 (decimal 230)
   defining Unicode char U+00EC (decimal 236)
   defining Unicode char U+00ED (decimal 237)
   defining Unicode char U+00EE (decimal 238)
   defining Unicode char U+00EF (decimal 239)
   defining Unicode char U+00F8 (decimal 248)
   defining Unicode char U+0131 (decimal 305)
   defining Unicode char U+0141 (decimal 321)
   defining Unicode char U+0142 (decimal 322)
   defining Unicode char U+0152 (decimal 338)
   defining Unicode char U+0153 (decimal 339)
   defining Unicode char U+0174 (decimal 372)
   defining Unicode char U+0175 (decimal 373)
   defining Unicode char U+0176 (decimal 374)
   defining Unicode char U+0177 (decimal 375)
   defining Unicode char U+0218 (decimal 536)
   defining Unicode char U+0219 (decimal 537)
   defining Unicode char U+021A (decimal 538)
   defining Unicode char U+021B (decimal 539)
   defining Unicode char U+2013 (decimal 8211)
   defining Unicode char U+2014 (decimal 8212)
   defining Unicode char U+2018 (decimal 8216)
   defining Unicode char U+2019 (decimal 8217)
   defining Unicode char U+201C (decimal 8220)
   defining Unicode char U+201D (decimal 8221)
)
Now handling font encoding OMS ...
... processing UTF-8 mapping file for font encoding OMS

(/usr/share/texlive/texmf-dist/tex/latex/base/omsenc.dfu
File: omsenc.dfu 2015/12/03 v1.1r UTF-8 support for inputenc
   defining Unicode char U+00A7 (decimal 167)
   defining Unicode char U+00B6 (decimal 182)
   defining Unicode char U+00B7 (decimal 183)
   defining Unicode char U+2020 (decimal 8224)
   defining Unicode char U+2021 (decimal 8225)
   defining Unicode char U+2022 (decimal 8226)
)
Now handling font encoding OMX ...
... no UTF-8 mapping file for font encoding OMX
Now handling font encoding U ...
... no UTF-8 mapping file for font encoding U
   defining Unicode char U+00A9 (decimal 169)
   defining Unicode char U+00AA (decimal 170)
   defining Unicode char U+00AE (decimal 174)
   defining Unicode char U+00BA (decimal 186)
   defining Unicode char U+02C6 (decimal 710)
   defining Unicode char U+02DC (decimal 732)
   defining Unicode char U+200C (decimal 8204)
   defining Unicode char U+2026 (decimal 8230)
   defining Unicode char U+2122 (decimal 8482)
   defining Unicode char U+2423 (decimal 9251)
))
(/usr/share/texlive/texmf-dist/tex/latex/titlesec/titlesec.sty
Package: titlesec 2016/03/15 v2.10.1 Sectioning titles
\ttl@box=\box26
\beforetitleunit=\skip43
\aftertitleunit=\skip44
\ttl@plus=\dimen104
\ttl@minus=\dimen105
\ttl@toksa=\toks16
\titlewidth=\dimen106
\titlewidthlast=\dimen107
\titlewidthfirst=\dimen108
)
(/usr/share/texlive/texmf-dist/tex/latex/titlesec/ttlkeys.def
File: ttlkeys.def 2016/03/15

(/usr/share/texlive/texmf-dist/tex/latex/graphics/keyval.sty
Package: keyval 2014/10/28 v1.15 key=value parser (DPC)
\KV@toks@=\toks17
)
\c@ttlp@side=\count89
\ttlp@side=\count90
)
(/usr/share/texlive/texmf-dist/tex/latex/geometry/geometry.sty
Package: geometry 2010/09/12 v5.6 Page Geometry

(/usr/share/texlive/texmf-dist/tex/generic/oberdiek/ifpdf.sty
Package: ifpdf 2011/01/30 v2.3 Provides the ifpdf switch (HO)
Package ifpdf Info: pdfTeX in PDF mode is detected.
)
(/usr/share/texlive/texmf-dist/tex/generic/oberdiek/ifvtex.sty
Package: ifvtex 2010/03/01 v1.5 Detect VTeX and its facilities (HO)
Package ifvtex Info: VTeX not detected.
)
(/usr/share/texlive/texmf-dist/tex/generic/ifxetex/ifxetex.sty
Package: ifxetex 2010/09/12 v0.6 Provides ifxetex conditional
)
\Gm@cnth=\count91
\Gm@cntv=\count92
\c@Gm@tempcnt=\count93
\Gm@bindingoffset=\dimen109
\Gm@wd@mp=\dimen110
\Gm@odd@mp=\dimen111
\Gm@even@mp=\dimen112
\Gm@layoutwidth=\dimen113
\Gm@layoutheight=\dimen114
\Gm@layouthoffset=\dimen115
\Gm@layoutvoffset=\dimen116
\Gm@dimlist=\toks18
)
(/usr/share/texlive/texmf-dist/tex/latex/tools/array.sty
Package: array 2014/10/28 v2.4c Tabular extension package (FMi)
\col@sep=\dimen117
\extrarowheight=\dimen118
\NC@list=\toks19
\extratabsurround=\skip45
\backup@length=\skip46
)
(/usr/share/texlive/texmf-dist/tex/latex/amsmath/amsmath.sty
Package: amsmath 2016/03/03 v2.15a AMS math features
\@mathmargin=\skip47

For additional information on amsmath, use the `?' option.
(/usr/share/texlive/texmf-dist/tex/latex/amsmath/amstext.sty
Package: amstext 2000/06/29 v2.01 AMS text

(/usr/share/texlive/texmf-dist/tex/latex/amsmath/amsgen.sty
File: amsgen.sty 1999/11/30 v2.0 generic functions
\@emptytoks=\toks20
\ex@=\dimen119
))
(/usr/share/texlive/texmf-dist/tex/latex/amsmath/amsbsy.sty
Package: amsbsy 1999/11/29 v1.2d Bold Symbols
\pmbraise@=\dimen120
)
(/usr/share/texlive/texmf-dist/tex/latex/amsmath/amsopn.sty
Package: amsopn 1999/12/14 v2.01 operator names
)
\inf@bad=\count94
LaTeX Info: Redefining \frac on input line 199.
\uproot@=\count95
\leftroot@=\count96
LaTeX Info: Redefining \overline on input line 297.
\classnum@=\count97
\DOTSCASE@=\count98
LaTeX Info: Redefining \ldots on input line 394.
LaTeX Info: Redefining \dots on input line 397.
LaTeX Info: Redefining \cdots on input line 518.
\Mathstrutbox@=\box27
\strutbox@=\box28
\big@size=\dimen121
LaTeX Font Info:    Redeclaring font encoding OML on input line 630.
LaTeX Font Info:    Redeclaring font encoding OMS on input line 631.
\macc@depth=\count99
\c@MaxMatrixCols=\count100
\dotsspace@=\muskip10
\c@parentequation=\count101
\dspbrk@lvl=\count102
\tag@help=\toks21
\row@=\count103
\column@=\count104
\maxfields@=\count105
\andhelp@=\toks22
\eqnshift@=\dimen122
\alignsep@=\dimen123
\tagshift@=\dimen124
\tagwidth@=\dimen125
\totwidth@=\dimen126
\lineht@=\dimen127
\@envbody=\toks23
\multlinegap=\skip48
\multlinetaggap=\skip49
\mathdisplay@stack=\toks24
LaTeX Info: Redefining \[ on input line 2735.
LaTeX Info: Redefining \] on input line 2736.
)
(/usr/share/texlive/texmf-dist/tex/latex/amsfonts/amssymb.sty
Package: amssymb 2013/01/14 v3.01 AMS font symbols

(/usr/share/texlive/texmf-dist/tex/latex/amsfonts/amsfonts.sty
Package: amsfonts 2013/01/14 v3.01 Basic AMSFonts support
\symAMSa=\mathgroup4
\symAMSb=\mathgroup5
LaTeX Font Info:    Overwriting math alphabet `\mathfrak' in version `bold'
(Font)                  U/euf/m/n --> U/euf/b/n on input line 106.
))
(/usr/share/texlive/texmf-dist/tex/latex/url/url.sty
\Urlmuskip=\muskip11
Package: url 2013/09/16  ver 3.4  Verb mode for urls, etc.
)
(/usr/share/texlive/texmf-dist/tex/latex/listings/listings.sty
\lst@mode=\count106
\lst@gtempboxa=\box29
\lst@token=\toks25
\lst@length=\count107
\lst@currlwidth=\dimen128
\lst@column=\count108
\lst@pos=\count109
\lst@lostspace=\dimen129
\lst@width=\dimen130
\lst@newlines=\count110
\lst@lineno=\count111
\lst@maxwidth=\dimen131

(/usr/share/texlive/texmf-dist/tex/latex/listings/lstmisc.sty
File: lstmisc.sty 2015/06/04 1.6 (Carsten Heinz)
\c@lstnumber=\count112
\lst@skipnumbers=\count113
\lst@framebox=\box30
)
(/usr/share/texlive/texmf-dist/tex/latex/listings/listings.cfg
File: listings.cfg 2015/06/04 1.6 listings configuration
))
Package: listings 2015/06/04 1.6 (Carsten Heinz)

(/usr/share/texlive/texmf-dist/tex/latex/graphics/color.sty
Package: color 2016/01/03 v1.1b Standard LaTeX Color (DPC)

(/usr/share/texlive/texmf-dist/tex/latex/latexconfig/color.cfg
File: color.cfg 2007/01/18 v1.5 color configuration of teTeX/TeXLive
)
Package color Info: Driver file: pdftex.def on input line 143.

(/usr/share/texlive/texmf-dist/tex/latex/pdftex-def/pdftex.def
File: pdftex.def 2011/05/27 v0.06d Graphics/color for pdfTeX

(/usr/share/texlive/texmf-dist/tex/generic/oberdiek/infwarerr.sty
Package: infwarerr 2010/04/08 v1.3 Providing info/warning/error messages (HO)
)
(/usr/share/texlive/texmf-dist/tex/generic/oberdiek/ltxcmds.sty
Package: ltxcmds 2011/11/09 v1.22 LaTeX kernel commands for general use (HO)
)
\Gread@gobject=\count114
))
(/usr/share/texlive/texmf-dist/tex/latex/tools/longtable.sty
Package: longtable 2014/10/28 v4.11 Multi-page Table package (DPC)
\LTleft=\skip50
\LTright=\skip51
\LTpre=\skip52
\LTpost=\skip53
\LTchunksize=\count115
\LTcapwidth=\dimen132
\LT@head=\box31
\LT@firsthead=\box32
\LT@foot=\box33
\LT@lastfoot=\box34
\LT@cols=\count116
\LT@rows=\count117
\c@LT@tables=\count118
\c@LT@chunks=\count119
\LT@p@ftn=\toks26
)
(/usr/share/texlive/texmf-dist/tex/latex/graphics/graphicx.sty
Package: graphicx 2014/10/28 v1.0g Enhanced LaTeX Graphics (DPC,SPQR)

(/usr/share/texlive/texmf-dist/tex/latex/graphics/graphics.sty
Package: graphics 2016/01/03 v1.0q Standard LaTeX Graphics (DPC,SPQR)

(/usr/share/texlive/texmf-dist/tex/latex/graphics/trig.sty
Package: trig 2016/01/03 v1.10 sin cos tan (DPC)
)
(/usr/share/texlive/texmf-dist/tex/latex/latexconfig/graphics.cfg
File: graphics.cfg 2010/04/23 v1.9 graphics configuration of TeX Live
)
Package graphics Info: Driver file: pdftex.def on input line 95.
)
\Gin@req@height=\dimen133
\Gin@req@width=\dimen134
)
(/usr/share/texlive/texmf-dist/tex/latex/pdfpages/pdfpages.sty
Package: pdfpages 2015/09/18 v0.5d Insert pages of external PDF documents (AM)

(/usr/share/texlive/texmf-dist/tex/latex/base/ifthen.sty
Package: ifthen 2014/09/29 v1.1c Standard LaTeX ifthen package (DPC)
)
(/usr/share/texlive/texmf-dist/tex/latex/tools/calc.sty
Package: calc 2014/10/28 v4.3 Infix arithmetic (KKT,FJ)
\calc@Acount=\count120
\calc@Bcount=\count121
\calc@Adimen=\dimen135
\calc@Bdimen=\dimen136
\calc@Askip=\skip54
\calc@Bskip=\skip55
LaTeX Info: Redefining \setlength on input line 80.
LaTeX Info: Redefining \addtolength on input line 81.
\calc@Ccount=\count122
\calc@Cskip=\skip56
)
(/usr/share/texlive/texmf-dist/tex/latex/eso-pic/eso-pic.sty
Package: eso-pic 2015/07/21 v2.0g eso-pic (RN)

(/usr/share/texlive/texmf-dist/tex/generic/oberdiek/atbegshi.sty
Package: atbegshi 2011/10/05 v1.16 At begin shipout hook (HO)
))
\AM@pagewidth=\dimen137
\AM@pageheight=\dimen138

(/usr/share/texlive/texmf-dist/tex/latex/pdfpages/pppdftex.def
File: pppdftex.def 2015/09/18 v0.5d Pdfpages driver for pdfTeX (AM)
)
\AM@pagebox=\box35
\AM@toc@title=\toks27
\c@AM@survey=\count123
\AM@templatesizebox=\box36
)
(/usr/share/texlive/texmf-dist/tex/latex/enumitem/enumitem.sty
Package: enumitem 2011/09/28 v3.5.2 Customized lists
\labelindent=\skip57
\enit@outerparindent=\dimen139
\enit@toks=\toks28
\enit@inbox=\box37
\enitdp@description=\count124
)
(/usr/share/texlive/texmf-dist/tex/latex/hyperref/hyperref.sty
Package: hyperref 2012/11/06 v6.83m Hypertext links for LaTeX

(/usr/share/texlive/texmf-dist/tex/generic/oberdiek/hobsub-hyperref.sty
Package: hobsub-hyperref 2012/05/28 v1.13 Bundle oberdiek, subset hyperref (HO)


(/usr/share/texlive/texmf-dist/tex/generic/oberdiek/hobsub-generic.sty
Package: hobsub-generic 2012/05/28 v1.13 Bundle oberdiek, subset generic (HO)
Package: hobsub 2012/05/28 v1.13 Construct package bundles (HO)
Package hobsub Info: Skipping package `infwarerr' (already loaded).
Package hobsub Info: Skipping package `ltxcmds' (already loaded).
Package: ifluatex 2010/03/01 v1.3 Provides the ifluatex switch (HO)
Package ifluatex Info: LuaTeX not detected.
Package hobsub Info: Skipping package `ifvtex' (already loaded).
Package: intcalc 2007/09/27 v1.1 Expandable calculations with integers (HO)
Package hobsub Info: Skipping package `ifpdf' (already loaded).
Package: etexcmds 2011/02/16 v1.5 Avoid name clashes with e-TeX commands (HO)
Package etexcmds Info: Could not find \expanded.
(etexcmds)             That can mean that you are not using pdfTeX 1.50 or
(etexcmds)             that some package has redefined \expanded.
(etexcmds)             In the latter case, load this package earlier.
Package: kvsetkeys 2012/04/25 v1.16 Key value parser (HO)
Package: kvdefinekeys 2011/04/07 v1.3 Define keys (HO)
Package: pdftexcmds 2011/11/29 v0.20 Utility functions of pdfTeX for LuaTeX (HO
)
Package pdftexcmds Info: LuaTeX not detected.
Package pdftexcmds Info: \pdf@primitive is available.
Package pdftexcmds Info: \pdf@ifprimitive is available.
Package pdftexcmds Info: \pdfdraftmode found.
Package: pdfescape 2011/11/25 v1.13 Implements pdfTeX's escape features (HO)
Package: bigintcalc 2012/04/08 v1.3 Expandable calculations on big integers (HO
)
Package: bitset 2011/01/30 v1.1 Handle bit-vector datatype (HO)
Package: uniquecounter 2011/01/30 v1.2 Provide unlimited unique counter (HO)
)
Package hobsub Info: Skipping package `hobsub' (already loaded).
Package: letltxmacro 2010/09/02 v1.4 Let assignment for LaTeX macros (HO)
Package: hopatch 2012/05/28 v1.2 Wrapper for package hooks (HO)
Package: xcolor-patch 2011/01/30 xcolor patch
Package: atveryend 2011/06/30 v1.8 Hooks at the very end of document (HO)
Package atveryend Info: \enddocument detected (standard20110627).
Package hobsub Info: Skipping package `atbegshi' (already loaded).
Package: refcount 2011/10/16 v3.4 Data extraction from label references (HO)
Package: hycolor 2011/01/30 v1.7 Color options for hyperref/bookmark (HO)
)
(/usr/share/texlive/texmf-dist/tex/latex/oberdiek/auxhook.sty
Package: auxhook 2011/03/04 v1.3 Hooks for auxiliary files (HO)
)
(/usr/share/texlive/texmf-dist/tex/latex/oberdiek/kvoptions.sty
Package: kvoptions 2011/06/30 v3.11 Key value format for package options (HO)
)
\@linkdim=\dimen140
\Hy@linkcounter=\count125
\Hy@pagecounter=\count126

(/usr/share/texlive/texmf-dist/tex/latex/hyperref/pd1enc.def
File: pd1enc.def 2012/11/06 v6.83m Hyperref: PDFDocEncoding definition (HO)
Now handling font encoding PD1 ...
... no UTF-8 mapping file for font encoding PD1
)
\Hy@SavedSpaceFactor=\count127

(/usr/share/texlive/texmf-dist/tex/latex/latexconfig/hyperref.cfg
File: hyperref.cfg 2002/06/06 v1.2 hyperref configuration of TeXLive
)
Package hyperref Info: Hyper figures OFF on input line 4443.
Package hyperref Info: Link nesting OFF on input line 4448.
Package hyperref Info: Hyper index ON on input line 4451.
Package hyperref Info: Plain pages OFF on input line 4458.
Package hyperref Info: Backreferencing OFF on input line 4463.
Package hyperref Info: Implicit mode ON; LaTeX internals redefined.
Package hyperref Info: Bookmarks ON on input line 4688.
\c@Hy@tempcnt=\count128
LaTeX Info: Redefining \url on input line 5041.
\XeTeXLinkMargin=\dimen141
\Fld@menulength=\count129
\Field@Width=\dimen142
\Fld@charsize=\dimen143
Package hyperref Info: Hyper figures OFF on input line 6295.
Package hyperref Info: Link nesting OFF on input line 6300.
Package hyperref Info: Hyper index ON on input line 6303.
Package hyperref Info: backreferencing OFF on input line 6310.
Package hyperref Info: Link coloring OFF on input line 6315.
Package hyperref Info: Link coloring with OCG OFF on input line 6320.
Package hyperref Info: PDF/A mode OFF on input line 6325.
LaTeX Info: Redefining \ref on input line 6365.
LaTeX Info: Redefining \pageref on input line 6369.
\Hy@abspage=\count130
\c@Item=\count131
\c@Hfootnote=\count132
)

Package hyperref Message: Driver (autodetected): hpdftex.

(/usr/share/texlive/texmf-dist/tex/latex/hyperref/hpdftex.def
File: hpdftex.def 2012/11/06 v6.83m Hyperref driver for pdfTeX
\Fld@listcount=\count133
\c@bookmark@seq@number=\count134

(/usr/share/texlive/texmf-dist/tex/latex/oberdiek/rerunfilecheck.sty
Package: rerunfilecheck 2011/04/15 v1.7 Rerun checks for auxiliary files (HO)
Package uniquecounter Info: New unique counter `rerunfilecheck' on input line 2
82.
)
\Hy@SectionHShift=\skip58
)
(/usr/share/texlive/texmf-dist/tex/latex/siunitx/siunitx.sty
(/usr/share/texlive/texmf-dist/tex/latex/l3kernel/expl3.sty
Package: expl3 2016/01/19 v6377 L3 programming layer (loader) 

(/usr/share/texlive/texmf-dist/tex/latex/l3kernel/expl3-code.tex
Package: expl3 2016/01/19 v6377 L3 programming layer (code)
L3 Module: l3bootstrap 2016/01/01 v6339 L3 Bootstrap code
L3 Module: l3names 2015/12/21 v6328 L3 Namespace for primitives
L3 Module: l3basics 2015/11/22 v6315 L3 Basic definitions
L3 Module: l3expan 2015/09/10 v5983 L3 Argument expansion
L3 Module: l3tl 2015/09/29 v6121 L3 Token lists
L3 Module: l3str 2016/01/03 v6357 L3 Strings
L3 Module: l3seq 2015/08/05 v5777 L3 Sequences and stacks
L3 Module: l3int 2016/01/05 v6366 L3 Integers
\c_max_int=\count135
\l_tmpa_int=\count136
\l_tmpb_int=\count137
\g_tmpa_int=\count138
\g_tmpb_int=\count139
L3 Module: l3quark 2015/08/17 v5855 L3 Quarks
L3 Module: l3prg 2015/11/01 v6216 L3 Control structures
\g__prg_map_int=\count140
L3 Module: l3clist 2015/09/02 v5901 L3 Comma separated lists
L3 Module: l3token 2015/11/11 v6249 L3 Experimental token manipulation
L3 Module: l3prop 2016/01/05 v6366 L3 Property lists
L3 Module: l3msg 2015/09/28 v6113 L3 Messages
L3 Module: l3file 2015/12/03 v6317 L3 File and I/O operations
\l_iow_line_count_int=\count141
\l__iow_target_count_int=\count142
\l__iow_current_line_int=\count143
\l__iow_current_word_int=\count144
\l__iow_current_indentation_int=\count145
L3 Module: l3skip 2016/01/05 v6366 L3 Dimensions and skips
\c_zero_dim=\dimen144
\c_max_dim=\dimen145
\l_tmpa_dim=\dimen146
\l_tmpb_dim=\dimen147
\g_tmpa_dim=\dimen148
\g_tmpb_dim=\dimen149
\c_zero_skip=\skip59
\c_max_skip=\skip60
\l_tmpa_skip=\skip61
\l_tmpb_skip=\skip62
\g_tmpa_skip=\skip63
\g_tmpb_skip=\skip64
\c_zero_muskip=\muskip12
\c_max_muskip=\muskip13
\l_tmpa_muskip=\muskip14
\l_tmpb_muskip=\muskip15
\g_tmpa_muskip=\muskip16
\g_tmpb_muskip=\muskip17
L3 Module: l3keys 2015/11/17 v6284 L3 Key-value interfaces
\g__keyval_level_int=\count146
\l_keys_choice_int=\count147
L3 Module: l3fp 2015/08/25 v5890 L3 Floating points
\c__fp_leading_shift_int=\count148
\c__fp_middle_shift_int=\count149
\c__fp_trailing_shift_int=\count150
\c__fp_big_leading_shift_int=\count151
\c__fp_big_middle_shift_int=\count152
\c__fp_big_trailing_shift_int=\count153
\c__fp_Bigg_leading_shift_int=\count154
\c__fp_Bigg_middle_shift_int=\count155
\c__fp_Bigg_trailing_shift_int=\count156
L3 Module: l3box 2015/08/09 v5822 L3 Experimental boxes
\c_empty_box=\box38
\l_tmpa_box=\box39
\l_tmpb_box=\box40
\g_tmpa_box=\box41
\g_tmpb_box=\box42
L3 Module: l3coffins 2015/08/06 v5789 L3 Coffin code layer
\l__coffin_internal_box=\box43
\l__coffin_internal_dim=\dimen150
\l__coffin_offset_x_dim=\dimen151
\l__coffin_offset_y_dim=\dimen152
\l__coffin_x_dim=\dimen153
\l__coffin_y_dim=\dimen154
\l__coffin_x_prime_dim=\dimen155
\l__coffin_y_prime_dim=\dimen156
\c_empty_coffin=\box44
\l__coffin_aligned_coffin=\box45
\l__coffin_aligned_internal_coffin=\box46
\l_tmpa_coffin=\box47
\l_tmpb_coffin=\box48
\l__coffin_display_coffin=\box49
\l__coffin_display_coord_coffin=\box50
\l__coffin_display_pole_coffin=\box51
\l__coffin_display_offset_dim=\dimen157
\l__coffin_display_x_dim=\dimen158
\l__coffin_display_y_dim=\dimen159
L3 Module: l3color 2014/08/23 v5354 L3 Experimental color support
L3 Module: l3sys 2015/09/25 v6087 L3 Experimental system/runtime functions
L3 Module: l3candidates 2016/01/14 v6376 L3 Experimental additions to l3kernel
\l__box_top_dim=\dimen160
\l__box_bottom_dim=\dimen161
\l__box_left_dim=\dimen162
\l__box_right_dim=\dimen163
\l__box_top_new_dim=\dimen164
\l__box_bottom_new_dim=\dimen165
\l__box_left_new_dim=\dimen166
\l__box_right_new_dim=\dimen167
\l__box_internal_box=\box52
\l__coffin_bounding_shift_dim=\dimen168
\l__coffin_left_corner_dim=\dimen169
\l__coffin_right_corner_dim=\dimen170
\l__coffin_bottom_corner_dim=\dimen171
\l__coffin_top_corner_dim=\dimen172
\l__coffin_scaled_total_height_dim=\dimen173
\l__coffin_scaled_width_dim=\dimen174
L3 Module: l3luatex 2015/11/11 v6250 L3 Experimental LuaTeX-specific functions
)
(/usr/share/texlive/texmf-dist/tex/latex/l3kernel/l3pdfmode.def
File: l3pdfmode.def 2015/11/11 v6250 L3 Experimental driver: PDF mode
\l__driver_color_stack_int=\count157
))
(/usr/share/texlive/texmf-dist/tex/latex/l3packages/xparse/xparse.sty
Package: xparse 2016/01/19 v6377 L3 Experimental document command parser
\l__xparse_current_arg_int=\count158
\l__xparse_m_args_int=\count159
\l__xparse_mandatory_args_int=\count160
\l__xparse_processor_int=\count161
\l__xparse_v_nesting_int=\count162
)
Package: siunitx 2016/03/01 v2.6q A comprehensive (SI) units package

(/usr/share/texlive/texmf-dist/tex/latex/l3packages/l3keys2e/l3keys2e.sty
Package: l3keys2e 2016/01/19 v6377 LaTeX2e option processing using LaTeX3 keys
)
\l__siunitx_tmp_box=\box53
\l__siunitx_tmp_dim=\dimen175
\l__siunitx_tmp_int=\count163
\l__siunitx_number_mantissa_length_int=\count164
\l__siunitx_number_uncert_length_int=\count165
\l__siunitx_round_int=\count166
\l__siunitx_process_decimal_int=\count167
\l__siunitx_process_uncertainty_int=\count168
\l__siunitx_process_fixed_int=\count169
\l__siunitx_process_integer_min_int=\count170
\l__siunitx_process_precision_int=\count171
\l__siunitx_group_min_int=\count172
\l__siunitx_angle_marker_box=\box54
\l__siunitx_angle_unit_box=\box55
\l__siunitx_angle_marker_dim=\dimen176
\l__siunitx_angle_unit_dim=\dimen177
\l__siunitx_unit_int=\count173
\l__siunitx_unit_denominator_int=\count174
\l__siunitx_unit_numerator_int=\count175
\l__siunitx_unit_prefix_int=\count176
\l__siunitx_unit_prefix_base_int=\count177
\l__siunitx_unit_prefix_gram_int=\count178
\l__siunitx_number_product_int=\count179
\c__siunitx_one_fill_skip=\skip65
\l__siunitx_table_unit_align_skip=\skip66
\l__siunitx_table_exponent_dim=\dimen178
\l__siunitx_table_integer_dim=\dimen179
\l__siunitx_table_mantissa_dim=\dimen180
\l__siunitx_table_marker_dim=\dimen181
\l__siunitx_table_result_dim=\dimen182
\l__siunitx_table_uncert_dim=\dimen183
\l__siunitx_table_fill_pre_dim=\dimen184
\l__siunitx_table_fill_post_dim=\dimen185
\l__siunitx_table_fill_mid_dim=\dimen186
\l__siunitx_table_pre_box=\box56
\l__siunitx_table_post_box=\box57
\l__siunitx_table_mantissa_box=\box58
\l__siunitx_table_result_box=\box59
\l__siunitx_table_number_align_skip=\skip67
\l__siunitx_table_text_align_skip=\skip68
.................................................
. LaTeX info: "xparse/define-command"
. 
. Defining command \DeclareBinaryPrefix with sig. 'mmm' on line 7218.
.................................................
.................................................
. LaTeX info: "xparse/define-command"
. 
. Defining command \DeclareSIPostPower with sig. 'mm' on line 7221.
.................................................
.................................................
. LaTeX info: "xparse/define-command"
. 
. Defining command \DeclareSIPrefix with sig. 'mmm' on line 7224.
.................................................
.................................................
. LaTeX info: "xparse/define-command"
. 
. Defining command \DeclareSIPrePower with sig. 'mm' on line 7227.
.................................................
.................................................
. LaTeX info: "xparse/define-command"
. 
. Defining command \DeclareSIQualifier with sig. 'mm' on line 7230.
.................................................
.................................................
. LaTeX info: "xparse/define-command"
. 
. Defining command \DeclareSIUnit with sig. 'O{}mm' on line 7233.
.................................................
.................................................
. LaTeX info: "xparse/define-command"
. 
. Defining command \DeclareSIUnitWithOptions with sig. 'mmm' on line 7236.
.................................................
.................................................
. LaTeX info: "xparse/define-command"
. 
. Defining command \ang with sig. 'o>{\SplitArgument {2}{;}}m' on line 7251.
.................................................
.................................................
. LaTeX info: "xparse/define-command"
. 
. Defining command \num with sig. 'om' on line 7260.
.................................................
.................................................
. LaTeX info: "xparse/define-command"
. 
. Defining command \numlist with sig. 'o>{\SplitList {;}}m' on line 7269.
.................................................
.................................................
. LaTeX info: "xparse/define-command"
. 
. Defining command \numrange with sig. 'omm' on line 7278.
.................................................
.................................................
. LaTeX info: "xparse/define-command"
. 
. Defining command \SIlist with sig. 'o>{\SplitList {;}}mm' on line 7290.
.................................................
.................................................
. LaTeX info: "xparse/define-command"
. 
. Defining command \SIrange with sig. 'ommm' on line 7302.
.................................................
.................................................
. LaTeX info: "xparse/define-command"
. 
. Defining command \SI with sig. 'omom' on line 7314.
.................................................
.................................................
. LaTeX info: "xparse/define-command"
. 
. Defining command \sisetup with sig. 'm' on line 7317.
.................................................
.................................................
. LaTeX info: "xparse/define-command"
. 
. Defining command \tablenum with sig. 'om' on line 7332.
.................................................
.................................................
. LaTeX info: "xparse/define-command"
. 
. Defining command \si with sig. 'om' on line 7344.
.................................................
.................................................
. LaTeX info: "xparse/define-command"
. 
. Defining command \__siunitx_bookmark_num:w with sig. 'om' on line 7391.
.................................................
.................................................
. LaTeX info: "xparse/define-command"
. 
. Defining command \__siunitx_bookmark_numrange:w with sig. 'omm' on line
. 7393.
.................................................
.................................................
. LaTeX info: "xparse/define-command"
. 
. Defining command \__siunitx_bookmark_SI:w with sig. 'omom' on line 7395.
.................................................
.................................................
. LaTeX info: "xparse/define-command"
. 
. Defining command \__siunitx_bookmark_SIlist:w with sig. 'omm' on line 7397.
.................................................
.................................................
. LaTeX info: "xparse/define-command"
. 
. Defining command \__siunitx_bookmark_SIrange:w with sig. 'ommm' on line
. 7399.
.................................................
.................................................
. LaTeX info: "xparse/define-command"
. 
. Defining command \__siunitx_bookmark_si:w with sig. 'om' on line 7400.
.................................................
\g__file_internal_ior=\read1

(/usr/share/texlive/texmf-dist/tex/latex/beamer/translator/translator.sty
Package: translator 2010/06/12 ver 1.10

(/usr/share/texlive/texmf-dist/tex/latex/beamer/translator/translator-language-
mappings.tex))) (./project_report.aux)
\openout1 = `project_report.aux'.

LaTeX Font Info:    Checking defaults for OML/cmm/m/it on input line 41.
LaTeX Font Info:    ... okay on input line 41.
LaTeX Font Info:    Checking defaults for T1/cmr/m/n on input line 41.
LaTeX Font Info:    ... okay on input line 41.
LaTeX Font Info:    Checking defaults for OT1/cmr/m/n on input line 41.
LaTeX Font Info:    ... okay on input line 41.
LaTeX Font Info:    Checking defaults for OMS/cmsy/m/n on input line 41.
LaTeX Font Info:    ... okay on input line 41.
LaTeX Font Info:    Checking defaults for OMX/cmex/m/n on input line 41.
LaTeX Font Info:    ... okay on input line 41.
LaTeX Font Info:    Checking defaults for U/cmr/m/n on input line 41.
LaTeX Font Info:    ... okay on input line 41.
LaTeX Font Info:    Checking defaults for PD1/pdf/m/n on input line 41.
LaTeX Font Info:    ... okay on input line 41.

*geometry* driver: auto-detecting
*geometry* detected driver: pdftex
*geometry* verbose mode - [ preamble ] result:
* driver: pdftex
* paper: a4paper
* layout: <same size as paper>
* layoutoffset:(h,v)=(0.0pt,0.0pt)
* modes: twoside 
* h-part:(L,W,R)=(85.35826pt, 426.79135pt, 85.35826pt)
* v-part:(T,H,B)=(85.35826pt, 702.78308pt, 56.9055pt)
* \paperwidth=597.50787pt
* \paperheight=845.04684pt
* \textwidth=426.79135pt
* \textheight=702.78308pt
* \oddsidemargin=13.08827pt
* \evensidemargin=13.08827pt
* \topmargin=-23.91173pt
* \headheight=12.0pt
* \headsep=25.0pt
* \topskip=10.0pt
* \footskip=30.0pt
* \marginparwidth=49.79231pt
* \marginparsep=11.0pt
* \columnsep=10.0pt
* \skip\footins=9.0pt plus 4.0pt minus 2.0pt
* \hoffset=0.0pt
* \voffset=0.0pt
* \mag=1000
* \@twocolumnfalse
* \@twosidetrue
* \@mparswitchtrue
* \@reversemarginfalse
* (1in=72.27pt=25.4mm, 1cm=28.453pt)

\c@lstlisting=\count180
(/usr/share/texlive/texmf-dist/tex/context/base/supp-pdf.mkii
[Loading MPS to PDF converter (version 2006.09.02).]
\scratchcounter=\count181
\scratchdimen=\dimen187
\scratchbox=\box60
\nofMPsegments=\count182
\nofMParguments=\count183
\everyMPshowfont=\toks29
\MPscratchCnt=\count184
\MPscratchDim=\dimen188
\MPnumerator=\count185
\makeMPintoPDFobject=\count186
\everyMPtoPDFconversion=\toks30
) (/usr/share/texlive/texmf-dist/tex/latex/oberdiek/epstopdf-base.sty
Package: epstopdf-base 2010/02/09 v2.5 Base part for package epstopdf

(/usr/share/texlive/texmf-dist/tex/latex/oberdiek/grfext.sty
Package: grfext 2010/08/19 v1.1 Manage graphics extensions (HO)
)
Package grfext Info: Graphics extension search list:
(grfext)             [.png,.pdf,.jpg,.mps,.jpeg,.jbig2,.jb2,.PNG,.PDF,.JPG,.JPE
G,.JBIG2,.JB2,.eps]
(grfext)             \AppendGraphicsExtensions on input line 452.

(/usr/share/texlive/texmf-dist/tex/latex/latexconfig/epstopdf-sys.cfg
File: epstopdf-sys.cfg 2010/07/13 v1.3 Configuration of (r)epstopdf for TeX Liv
e
))
\AtBeginShipoutBox=\box61

(/usr/share/texlive/texmf-dist/tex/latex/oberdiek/pdflscape.sty
Package: pdflscape 2008/08/11 v0.10 Display of landscape pages in PDF (HO)

(/usr/share/texlive/texmf-dist/tex/latex/graphics/lscape.sty
Package: lscape 2000/10/22 v3.01 Landscape Pages (DPC)
)
Package pdflscape Info: Auto-detected driver: pdftex on input line 80.
)
Package hyperref Info: Link coloring OFF on input line 41.

(/usr/share/texlive/texmf-dist/tex/latex/hyperref/nameref.sty
Package: nameref 2012/10/27 v2.43 Cross-referencing by name of section

(/usr/share/texlive/texmf-dist/tex/generic/oberdiek/gettitlestring.sty
Package: gettitlestring 2010/12/03 v1.4 Cleanup title references (HO)
)
\c@section@level=\count187
)
LaTeX Info: Redefining \ref on input line 41.
LaTeX Info: Redefining \pageref on input line 41.
LaTeX Info: Redefining \nameref on input line 41.

(./project_report.out) (./project_report.out)
\@outlinefile=\write3
\openout3 = `project_report.out'.

Now handling font encoding TS1 ...
... processing UTF-8 mapping file for font encoding TS1

(/usr/share/texlive/texmf-dist/tex/latex/base/ts1enc.dfu
File: ts1enc.dfu 2015/12/03 v1.1r UTF-8 support for inputenc
   defining Unicode char U+00A2 (decimal 162)
   defining Unicode char U+00A3 (decimal 163)
   defining Unicode char U+00A4 (decimal 164)
   defining Unicode char U+00A5 (decimal 165)
   defining Unicode char U+00A6 (decimal 166)
   defining Unicode char U+00A7 (decimal 167)
   defining Unicode char U+00A8 (decimal 168)
   defining Unicode char U+00A9 (decimal 169)
   defining Unicode char U+00AA (decimal 170)
   defining Unicode char U+00AC (decimal 172)
   defining Unicode char U+00AE (decimal 174)
   defining Unicode char U+00AF (decimal 175)
   defining Unicode char U+00B0 (decimal 176)
   defining Unicode char U+00B1 (decimal 177)
   defining Unicode char U+00B2 (decimal 178)
   defining Unicode char U+00B3 (decimal 179)
   defining Unicode char U+00B4 (decimal 180)
   defining Unicode char U+00B5 (decimal 181)
   defining Unicode char U+00B6 (decimal 182)
   defining Unicode char U+00B7 (decimal 183)
   defining Unicode char U+00B9 (decimal 185)
   defining Unicode char U+00BA (decimal 186)
   defining Unicode char U+00BC (decimal 188)
   defining Unicode char U+00BD (decimal 189)
   defining Unicode char U+00BE (decimal 190)
   defining Unicode char U+00D7 (decimal 215)
   defining Unicode char U+00F7 (decimal 247)
   defining Unicode char U+0192 (decimal 402)
   defining Unicode char U+02C7 (decimal 711)
   defining Unicode char U+02D8 (decimal 728)
   defining Unicode char U+02DD (decimal 733)
   defining Unicode char U+0E3F (decimal 3647)
   defining Unicode char U+2016 (decimal 8214)
   defining Unicode char U+2020 (decimal 8224)
   defining Unicode char U+2021 (decimal 8225)
   defining Unicode char U+2022 (decimal 8226)
   defining Unicode char U+2030 (decimal 8240)
   defining Unicode char U+2031 (decimal 8241)
   defining Unicode char U+203B (decimal 8251)
   defining Unicode char U+203D (decimal 8253)
   defining Unicode char U+2044 (decimal 8260)
   defining Unicode char U+204E (decimal 8270)
   defining Unicode char U+2052 (decimal 8274)
   defining Unicode char U+20A1 (decimal 8353)
   defining Unicode char U+20A4 (decimal 8356)
   defining Unicode char U+20A6 (decimal 8358)
   defining Unicode char U+20A9 (decimal 8361)
   defining Unicode char U+20AB (decimal 8363)
   defining Unicode char U+20AC (decimal 8364)
   defining Unicode char U+20B1 (decimal 8369)
   defining Unicode char U+2103 (decimal 8451)
   defining Unicode char U+2116 (decimal 8470)
   defining Unicode char U+2117 (decimal 8471)
   defining Unicode char U+211E (decimal 8478)
   defining Unicode char U+2120 (decimal 8480)
   defining Unicode char U+2122 (decimal 8482)
   defining Unicode char U+2126 (decimal 8486)
   defining Unicode char U+2127 (decimal 8487)
   defining Unicode char U+212E (decimal 8494)
   defining Unicode char U+2190 (decimal 8592)
   defining Unicode char U+2191 (decimal 8593)
   defining Unicode char U+2192 (decimal 8594)
   defining Unicode char U+2193 (decimal 8595)
   defining Unicode char U+2329 (decimal 9001)
   defining Unicode char U+232A (decimal 9002)
   defining Unicode char U+2422 (decimal 9250)
   defining Unicode char U+25E6 (decimal 9702)
   defining Unicode char U+25EF (decimal 9711)
   defining Unicode char U+266A (decimal 9834)
)
(/usr/share/texlive/texmf-dist/tex/latex/beamer/translator/dicts/translator-bas
ic-dictionary/translator-basic-dictionary-English.dict
Dictionary: translator-basic-dictionary, Language: English 
)
(/usr/share/texlive/texmf-dist/tex/latex/siunitx/siunitx-abbreviations.cfg
File: siunitx-abbreviations.cfg 2016/03/01 v2.6q siunitx: Abbreviated units
)
\c__siunitx_mathsf_int=\count188
LaTeX Font Info:    Try loading font information for U+msa on input line 41.

(/usr/share/texlive/texmf-dist/tex/latex/amsfonts/umsa.fd
File: umsa.fd 2013/01/14 v3.01 AMS symbols A
)
LaTeX Font Info:    Try loading font information for U+msb on input line 41.

(/usr/share/texlive/texmf-dist/tex/latex/amsfonts/umsb.fd
File: umsb.fd 2013/01/14 v3.01 AMS symbols B
)
\c__siunitx_mathtt_int=\count189
 (./title/title.tex
<title/logo.png, id=56, 1204.5pt x 403.5075pt>
File: title/logo.png Graphic file (type png)
 <use title/logo.png>
Package pdftex.def Info: title/logo.png used on input line 7.
(pdftex.def)             Requested size: 256.0748pt x 85.78577pt.

Underfull \vbox (badness 10000) has occurred while \output is active []

 [1

{/var/lib/texmf/fonts/map/pdftex/updmap/pdftex.map} <./title/logo.png>])
(./project_report.toc)
\tf@toc=\write4
\openout4 = `project_report.toc'.

 [2

]
Chapter 1.

Underfull \hbox (badness 10000) in paragraph at lines 50--50

 []


Underfull \hbox (badness 10000) in paragraph at lines 52--52

 []


Underfull \hbox (badness 10000) in paragraph at lines 54--54

 []

[3

]
Chapter 2.

Underfull \hbox (badness 10000) in paragraph at lines 57--57

 []


Underfull \hbox (badness 10000) in paragraph at lines 60--60

 []


Underfull \hbox (badness 10000) in paragraph at lines 83--83

 []


Underfull \hbox (badness 10000) in paragraph at lines 86--86

 []


Underfull \hbox (badness 10000) in paragraph at lines 89--89

 []

[4

]
Underfull \hbox (badness 10000) in paragraph at lines 92--92

 []


Underfull \hbox (badness 10000) in paragraph at lines 109--109

 []


Underfull \hbox (badness 10000) in paragraph at lines 114--114

 []


Underfull \hbox (badness 10000) in paragraph at lines 116--116

 []

[5]
Chapter 3.

Underfull \hbox (badness 10000) in paragraph at lines 148--148

 []


Underfull \hbox (badness 10000) in paragraph at lines 150--150

 []


Underfull \hbox (badness 10000) in paragraph at lines 152--152

 []

<mask.png, id=109, 695.59875pt x 526.96875pt>
File: mask.png Graphic file (type png)
 <use mask.png>
Package pdftex.def Info: mask.png used on input line 156.
(pdftex.def)             Requested size: 192.0548pt x 145.49178pt.

<mask1.png, id=110, 695.59875pt x 526.96875pt>
File: mask1.png Graphic file (type png)
 <use mask1.png>
Package pdftex.def Info: mask1.png used on input line 157.
(pdftex.def)             Requested size: 192.0548pt x 145.49178pt.

Underfull \hbox (badness 10000) in paragraph at lines 161--161

 []

[6

 <./mask.png> <./mask1.png>]
Underfull \hbox (badness 10000) in paragraph at lines 165--165

 []


Underfull \hbox (badness 10000) in paragraph at lines 168--168

 []

<frame.png, id=118, 459.7175pt x 501.875pt>
File: frame.png Graphic file (type png)
 <use frame.png>
Package pdftex.def Info: frame.png used on input line 172.
(pdftex.def)             Requested size: 192.0548pt x 209.66798pt.

<frame1.png, id=119, 459.7175pt x 501.875pt>
File: frame1.png Graphic file (type png)
 <use frame1.png>
Package pdftex.def Info: frame1.png used on input line 173.
(pdftex.def)             Requested size: 192.0548pt x 209.66798pt.

Underfull \hbox (badness 10000) in paragraph at lines 178--178

 []


Underfull \hbox (badness 10000) in paragraph at lines 180--180

 []

<code.png, id=120, 995.72pt x 279.0425pt>
File: code.png Graphic file (type png)
 <use code.png>
Package pdftex.def Info: code.png used on input line 184.
(pdftex.def)             Requested size: 384.1096pt x 107.64671pt.
 [7 <./frame.png> <./frame1.png> <./code.png>] <code1.png, id=130, 1162.3425pt 
x 149.55875pt>
File: code1.png Graphic file (type png)

<use code1.png>
Package pdftex.def Info: code1.png used on input line 193.
(pdftex.def)             Requested size: 384.1096pt x 49.42299pt.

Underfull \hbox (badness 10000) in paragraph at lines 197--197

 []


Underfull \hbox (badness 10000) in paragraph at lines 201--201

 []

<video.png, id=131, 803.0pt x 524.96124pt>
File: video.png Graphic file (type png)
 <use video.png>
Package pdftex.def Info: video.png used on input line 205.
(pdftex.def)             Requested size: 192.0548pt x 125.5527pt.

<video1.png, id=132, 508.90125pt x 346.29375pt>
File: video1.png Graphic file (type png)
 <use video1.png>
Package pdftex.def Info: video1.png used on input line 206.
(pdftex.def)             Requested size: 192.0548pt x 130.68942pt.
 [8 <./code1.png> <./video.png> <./video1.png>]
Chapter 4.

Underfull \hbox (badness 10000) in paragraph at lines 213--213

 []

LaTeX Font Info:    Try loading font information for OMS+cmr on input line 217.

(/usr/share/texlive/texmf-dist/tex/latex/base/omscmr.fd
File: omscmr.fd 2014/09/29 v2.5h Standard LaTeX font definitions
)
LaTeX Font Info:    Font shape `OMS/cmr/m/n' in size <10> not available
(Font)              Font shape `OMS/cmsy/m/n' tried instead on input line 217.

<structure.png, id=141, 776.9025pt x 629.35126pt>
File: structure.png Graphic file (type png)
 <use structure.png>
Package pdftex.def Info: structure.png used on input line 226.
(pdftex.def)             Requested size: 294.48706pt x 238.56056pt.
 [9

 <./structure.png>]
Underfull \hbox (badness 10000) in paragraph at lines 235--235

 []

<dialog.png, id=148, 883.3pt x 224.84pt>
File: dialog.png Graphic file (type png)
 <use dialog.png>
Package pdftex.def Info: dialog.png used on input line 239.
(pdftex.def)             Requested size: 384.1096pt x 97.77373pt.

<dialog_load.png, id=149, 817.0525pt x 492.84125pt>
File: dialog_load.png Graphic file (type png)
 <use dialog_load.png>
Package pdftex.def Info: dialog_load.png used on input line 242.
(pdftex.def)             Requested size: 384.1096pt x 231.69557pt.

<open_load_dialog.pdf, id=150, 597.19106pt x 845.07718pt>
File: open_load_dialog.pdf Graphic file (type pdf)

<use open_load_dialog.pdf>
Package pdftex.def Info: open_load_dialog.pdf used on input line 257.
(pdftex.def)             Requested size: 597.1896pt x 845.07512pt.
File: open_load_dialog.pdf Graphic file (type pdf)
 <use open_load_dialog.pdf>
Package pdftex.def Info: open_load_dialog.pdf used on input line 257.
(pdftex.def)             Requested size: 597.1896pt x 845.07512pt.

<open_load_dialog.pdf, id=153, page=1, 597.19106pt x 845.07718pt>
File: open_load_dialog.pdf Graphic file (type pdf)

<use open_load_dialog.pdf, page 1>
Package pdftex.def Info: open_load_dialog.pdf, page1 used on input line 257.
(pdftex.def)             Requested size: 426.79135pt x 603.94193pt.
File: open_load_dialog.pdf Graphic file (type pdf)
 <use open_load_dialog.pdf, page 1>
Package pdftex.def Info: open_load_dialog.pdf, page1 used on input line 257.
(pdftex.def)             Requested size: 836.10736pt x 1183.16447pt.
 [10 <./dialog.png> <./dialog_load.png>]
File: open_load_dialog.pdf Graphic file (type pdf)
 <use open_load_dialog.pdf, page 1>
Package pdftex.def Info: open_load_dialog.pdf, page1 used on input line 257.
(pdftex.def)             Requested size: 836.10736pt x 1183.16447pt.
File: open_load_dialog.pdf Graphic file (type pdf)

<use open_load_dialog.pdf, page 1>
Package pdftex.def Info: open_load_dialog.pdf, page1 used on input line 257.
(pdftex.def)             Requested size: 836.10736pt x 1183.16447pt.
File: open_load_dialog.pdf Graphic file (type pdf)
 <use open_load_dialog.pdf, page 1>
Package pdftex.def Info: open_load_dialog.pdf, page1 used on input line 257.
(pdftex.def)             Requested size: 836.10736pt x 1183.16447pt.
 [11 <./open_load_dialog.pdf>]
<open_load_dialog.pdf, id=183, page=2, 597.19106pt x 845.07718pt>
File: open_load_dialog.pdf Graphic file (type pdf)

<use open_load_dialog.pdf, page 2>
Package pdftex.def Info: open_load_dialog.pdf, page2 used on input line 257.
(pdftex.def)             Requested size: 836.10736pt x 1183.16447pt.
File: open_load_dialog.pdf Graphic file (type pdf)
 <use open_load_dialog.pdf, page 2>
Package pdftex.def Info: open_load_dialog.pdf, page2 used on input line 257.
(pdftex.def)             Requested size: 836.10736pt x 1183.16447pt.
File: open_load_dialog.pdf Graphic file (type pdf)

<use open_load_dialog.pdf, page 2>
Package pdftex.def Info: open_load_dialog.pdf, page2 used on input line 257.
(pdftex.def)             Requested size: 836.10736pt x 1183.16447pt.
 [12 <./open_load_dialog.pdf>]
<saved_values_paths.pdf, id=188, 597.19106pt x 845.07718pt>
File: saved_values_paths.pdf Graphic file (type pdf)

<use saved_values_paths.pdf>
Package pdftex.def Info: saved_values_paths.pdf used on input line 258.
(pdftex.def)             Requested size: 597.1896pt x 845.07512pt.
File: saved_values_paths.pdf Graphic file (type pdf)
 <use saved_values_paths.pdf>
Package pdftex.def Info: saved_values_paths.pdf used on input line 258.
(pdftex.def)             Requested size: 597.1896pt x 845.07512pt.

<saved_values_paths.pdf, id=191, page=1, 597.19106pt x 845.07718pt>
File: saved_values_paths.pdf Graphic file (type pdf)

<use saved_values_paths.pdf, page 1>
Package pdftex.def Info: saved_values_paths.pdf, page1 used on input line 258.
(pdftex.def)             Requested size: 426.79135pt x 603.94193pt.
File: saved_values_paths.pdf Graphic file (type pdf)
 <use saved_values_paths.pdf, page 1>
Package pdftex.def Info: saved_values_paths.pdf, page1 used on input line 258.
(pdftex.def)             Requested size: 836.10736pt x 1183.16447pt.
File: saved_values_paths.pdf Graphic file (type pdf)

<use saved_values_paths.pdf, page 1>
Package pdftex.def Info: saved_values_paths.pdf, page1 used on input line 258.
(pdftex.def)             Requested size: 836.10736pt x 1183.16447pt.
File: saved_values_paths.pdf Graphic file (type pdf)
 <use saved_values_paths.pdf, page 1>
Package pdftex.def Info: saved_values_paths.pdf, page1 used on input line 258.
(pdftex.def)             Requested size: 836.10736pt x 1183.16447pt.
File: saved_values_paths.pdf Graphic file (type pdf)

<use saved_values_paths.pdf, page 1>
Package pdftex.def Info: saved_values_paths.pdf, page1 used on input line 258.
(pdftex.def)             Requested size: 836.10736pt x 1183.16447pt.
 [13 <./saved_values_paths.pdf>]
<saving_dialogs_helper_functions.pdf, id=214, 597.19106pt x 845.07718pt>
File: saving_dialogs_helper_functions.pdf Graphic file (type pdf)

<use saving_dialogs_helper_functions.pdf>
Package pdftex.def Info: saving_dialogs_helper_functions.pdf used on input line
 259.
(pdftex.def)             Requested size: 597.1896pt x 845.07512pt.
File: saving_dialogs_helper_functions.pdf Graphic file (type pdf)

<use saving_dialogs_helper_functions.pdf>
Package pdftex.def Info: saving_dialogs_helper_functions.pdf used on input line
 259.
(pdftex.def)             Requested size: 597.1896pt x 845.07512pt.

<saving_dialogs_helper_functions.pdf, id=217, page=1, 597.19106pt x 845.07718pt
>
File: saving_dialogs_helper_functions.pdf Graphic file (type pdf)
 <use saving_dialogs_helper_functions.pdf, page 1>
Package pdftex.def Info: saving_dialogs_helper_functions.pdf, page1 used on inp
ut line 259.
(pdftex.def)             Requested size: 426.79135pt x 603.94193pt.
File: saving_dialogs_helper_functions.pdf Graphic file (type pdf)

<use saving_dialogs_helper_functions.pdf, page 1>
Package pdftex.def Info: saving_dialogs_helper_functions.pdf, page1 used on inp
ut line 259.
(pdftex.def)             Requested size: 836.10736pt x 1183.16447pt.
File: saving_dialogs_helper_functions.pdf Graphic file (type pdf)

<use saving_dialogs_helper_functions.pdf, page 1>
Package pdftex.def Info: saving_dialogs_helper_functions.pdf, page1 used on inp
ut line 259.
(pdftex.def)             Requested size: 836.10736pt x 1183.16447pt.
File: saving_dialogs_helper_functions.pdf Graphic file (type pdf)

<use saving_dialogs_helper_functions.pdf, page 1>
Package pdftex.def Info: saving_dialogs_helper_functions.pdf, page1 used on inp
ut line 259.
(pdftex.def)             Requested size: 836.10736pt x 1183.16447pt.
File: saving_dialogs_helper_functions.pdf Graphic file (type pdf)

<use saving_dialogs_helper_functions.pdf, page 1>
Package pdftex.def Info: saving_dialogs_helper_functions.pdf, page1 used on inp
ut line 259.
(pdftex.def)             Requested size: 836.10736pt x 1183.16447pt.
 [14 <./saving_dialogs_helper_functions.pdf>]
<settings_loader_and_saver.pdf, id=239, 597.19106pt x 845.07718pt>
File: settings_loader_and_saver.pdf Graphic file (type pdf)

<use settings_loader_and_saver.pdf>
Package pdftex.def Info: settings_loader_and_saver.pdf used on input line 260.
(pdftex.def)             Requested size: 597.1896pt x 845.07512pt.
File: settings_loader_and_saver.pdf Graphic file (type pdf)
 <use settings_loader_and_saver.pdf>
Package pdftex.def Info: settings_loader_and_saver.pdf used on input line 260.
(pdftex.def)             Requested size: 597.1896pt x 845.07512pt.

<settings_loader_and_saver.pdf, id=242, page=1, 597.19106pt x 845.07718pt>
File: settings_loader_and_saver.pdf Graphic file (type pdf)

<use settings_loader_and_saver.pdf, page 1>
Package pdftex.def Info: settings_loader_and_saver.pdf, page1 used on input lin
e 260.
(pdftex.def)             Requested size: 426.79135pt x 603.94193pt.
File: settings_loader_and_saver.pdf Graphic file (type pdf)

<use settings_loader_and_saver.pdf, page 1>
Package pdftex.def Info: settings_loader_and_saver.pdf, page1 used on input lin
e 260.
(pdftex.def)             Requested size: 836.10736pt x 1183.16447pt.
File: settings_loader_and_saver.pdf Graphic file (type pdf)

<use settings_loader_and_saver.pdf, page 1>
Package pdftex.def Info: settings_loader_and_saver.pdf, page1 used on input lin
e 260.
(pdftex.def)             Requested size: 836.10736pt x 1183.16447pt.
File: settings_loader_and_saver.pdf Graphic file (type pdf)

<use settings_loader_and_saver.pdf, page 1>
Package pdftex.def Info: settings_loader_and_saver.pdf, page1 used on input lin
e 260.
(pdftex.def)             Requested size: 836.10736pt x 1183.16447pt.
File: settings_loader_and_saver.pdf Graphic file (type pdf)

<use settings_loader_and_saver.pdf, page 1>
Package pdftex.def Info: settings_loader_and_saver.pdf, page1 used on input lin
e 260.
(pdftex.def)             Requested size: 836.10736pt x 1183.16447pt.
 [15 <./settings_loader_and_saver.pdf>] <load_dialog.pdf, id=264, 597.19106pt x
 845.07718pt>
File: load_dialog.pdf Graphic file (type pdf)
 <use load_dialog.pdf>
Package pdftex.def Info: load_dialog.pdf used on input line 261.
(pdftex.def)             Requested size: 597.1896pt x 845.07512pt.
File: load_dialog.pdf Graphic file (type pdf)

<use load_dialog.pdf>
Package pdftex.def Info: load_dialog.pdf used on input line 261.
(pdftex.def)             Requested size: 597.1896pt x 845.07512pt.

<load_dialog.pdf, id=267, page=1, 597.19106pt x 845.07718pt>
File: load_dialog.pdf Graphic file (type pdf)

<use load_dialog.pdf, page 1>
Package pdftex.def Info: load_dialog.pdf, page1 used on input line 261.
(pdftex.def)             Requested size: 426.79135pt x 603.94193pt.
File: load_dialog.pdf Graphic file (type pdf)
 <use load_dialog.pdf, page 1>
Package pdftex.def Info: load_dialog.pdf, page1 used on input line 261.
(pdftex.def)             Requested size: 836.10736pt x 1183.16447pt.
File: load_dialog.pdf Graphic file (type pdf)

<use load_dialog.pdf, page 1>
Package pdftex.def Info: load_dialog.pdf, page1 used on input line 261.
(pdftex.def)             Requested size: 836.10736pt x 1183.16447pt.
File: load_dialog.pdf Graphic file (type pdf)
 <use load_dialog.pdf, page 1>
Package pdftex.def Info: load_dialog.pdf, page1 used on input line 261.
(pdftex.def)             Requested size: 836.10736pt x 1183.16447pt.
File: load_dialog.pdf Graphic file (type pdf)

<use load_dialog.pdf, page 1>
Package pdftex.def Info: load_dialog.pdf, page1 used on input line 261.
(pdftex.def)             Requested size: 836.10736pt x 1183.16447pt.
 [16 <./load_dialog.pdf>]
<load_dialog.pdf, id=284, page=2, 597.19106pt x 845.07718pt>
File: load_dialog.pdf Graphic file (type pdf)

<use load_dialog.pdf, page 2>
Package pdftex.def Info: load_dialog.pdf, page2 used on input line 261.
(pdftex.def)             Requested size: 836.10736pt x 1183.16447pt.
File: load_dialog.pdf Graphic file (type pdf)
 <use load_dialog.pdf, page 2>
Package pdftex.def Info: load_dialog.pdf, page2 used on input line 261.
(pdftex.def)             Requested size: 836.10736pt x 1183.16447pt.
File: load_dialog.pdf Graphic file (type pdf)

<use load_dialog.pdf, page 2>
Package pdftex.def Info: load_dialog.pdf, page2 used on input line 261.
(pdftex.def)             Requested size: 836.10736pt x 1183.16447pt.
 [17 <./load_dialog.pdf>]
<load_dialog.pdf, id=289, page=3, 597.19106pt x 845.07718pt>
File: load_dialog.pdf Graphic file (type pdf)

<use load_dialog.pdf, page 3>
Package pdftex.def Info: load_dialog.pdf, page3 used on input line 261.
(pdftex.def)             Requested size: 836.10736pt x 1183.16447pt.
File: load_dialog.pdf Graphic file (type pdf)
 <use load_dialog.pdf, page 3>
Package pdftex.def Info: load_dialog.pdf, page3 used on input line 261.
(pdftex.def)             Requested size: 836.10736pt x 1183.16447pt.
File: load_dialog.pdf Graphic file (type pdf)

<use load_dialog.pdf, page 3>
Package pdftex.def Info: load_dialog.pdf, page3 used on input line 261.
(pdftex.def)             Requested size: 836.10736pt x 1183.16447pt.
 [18 <./load_dialog.pdf>]
<ui_loaddialog.pdf, id=294, 597.19106pt x 845.07718pt>
File: ui_loaddialog.pdf Graphic file (type pdf)
 <use ui_loaddialog.pdf>
Package pdftex.def Info: ui_loaddialog.pdf used on input line 262.
(pdftex.def)             Requested size: 597.1896pt x 845.07512pt.
File: ui_loaddialog.pdf Graphic file (type pdf)

<use ui_loaddialog.pdf>
Package pdftex.def Info: ui_loaddialog.pdf used on input line 262.
(pdftex.def)             Requested size: 597.1896pt x 845.07512pt.

<ui_loaddialog.pdf, id=297, page=1, 597.19106pt x 845.07718pt>
File: ui_loaddialog.pdf Graphic file (type pdf)

<use ui_loaddialog.pdf, page 1>
Package pdftex.def Info: ui_loaddialog.pdf, page1 used on input line 262.
(pdftex.def)             Requested size: 426.79135pt x 603.94193pt.
File: ui_loaddialog.pdf Graphic file (type pdf)
 <use ui_loaddialog.pdf, page 1>
Package pdftex.def Info: ui_loaddialog.pdf, page1 used on input line 262.
(pdftex.def)             Requested size: 836.10736pt x 1183.16447pt.
File: ui_loaddialog.pdf Graphic file (type pdf)

<use ui_loaddialog.pdf, page 1>
Package pdftex.def Info: ui_loaddialog.pdf, page1 used on input line 262.
(pdftex.def)             Requested size: 836.10736pt x 1183.16447pt.
File: ui_loaddialog.pdf Graphic file (type pdf)
 <use ui_loaddialog.pdf, page 1>
Package pdftex.def Info: ui_loaddialog.pdf, page1 used on input line 262.
(pdftex.def)             Requested size: 836.10736pt x 1183.16447pt.
File: ui_loaddialog.pdf Graphic file (type pdf)

<use ui_loaddialog.pdf, page 1>
Package pdftex.def Info: ui_loaddialog.pdf, page1 used on input line 262.
(pdftex.def)             Requested size: 836.10736pt x 1183.16447pt.
 [19 <./ui_loaddialog.pdf>]
<ui_loaddialog.pdf, id=320, page=2, 597.19106pt x 845.07718pt>
File: ui_loaddialog.pdf Graphic file (type pdf)

<use ui_loaddialog.pdf, page 2>
Package pdftex.def Info: ui_loaddialog.pdf, page2 used on input line 262.
(pdftex.def)             Requested size: 836.10736pt x 1183.16447pt.
File: ui_loaddialog.pdf Graphic file (type pdf)
 <use ui_loaddialog.pdf, page 2>
Package pdftex.def Info: ui_loaddialog.pdf, page2 used on input line 262.
(pdftex.def)             Requested size: 836.10736pt x 1183.16447pt.
File: ui_loaddialog.pdf Graphic file (type pdf)

<use ui_loaddialog.pdf, page 2>
Package pdftex.def Info: ui_loaddialog.pdf, page2 used on input line 262.
(pdftex.def)             Requested size: 836.10736pt x 1183.16447pt.
 [20 <./ui_loaddialog.pdf>]
Underfull \hbox (badness 10000) in paragraph at lines 265--265

 []

<colorpicker.png, id=325, 619.31375pt x 545.03625pt>
File: colorpicker.png Graphic file (type png)
 <use colorpicker.png>
Package pdftex.def Info: colorpicker.png used on input line 269.
(pdftex.def)             Requested size: 294.48706pt x 259.17767pt.

[21 <./colorpicker.png>]
Underfull \hbox (badness 10000) in paragraph at lines 275--275

 []

<replace.png, id=333, 1861.95625pt x 1059.96pt>
File: replace.png Graphic file (type png)
 <use replace.png>
Package pdftex.def Info: replace.png used on input line 279.
(pdftex.def)             Requested size: 384.1096pt x 218.6518pt.
 [22 <./replace.png>] <mainwindow_ui.pdf, id=340, 597.19106pt x 845.07718pt>
File: mainwindow_ui.pdf Graphic file (type pdf)

<use mainwindow_ui.pdf>
Package pdftex.def Info: mainwindow_ui.pdf used on input line 293.
(pdftex.def)             Requested size: 597.1896pt x 845.07512pt.
File: mainwindow_ui.pdf Graphic file (type pdf)
 <use mainwindow_ui.pdf>
Package pdftex.def Info: mainwindow_ui.pdf used on input line 293.
(pdftex.def)             Requested size: 597.1896pt x 845.07512pt.

<mainwindow_ui.pdf, id=343, page=1, 597.19106pt x 845.07718pt>
File: mainwindow_ui.pdf Graphic file (type pdf)

<use mainwindow_ui.pdf, page 1>
Package pdftex.def Info: mainwindow_ui.pdf, page1 used on input line 293.
(pdftex.def)             Requested size: 426.79135pt x 603.94193pt.
File: mainwindow_ui.pdf Graphic file (type pdf)
 <use mainwindow_ui.pdf, page 1>
Package pdftex.def Info: mainwindow_ui.pdf, page1 used on input line 293.
(pdftex.def)             Requested size: 836.10736pt x 1183.16447pt.
 [23]
File: mainwindow_ui.pdf Graphic file (type pdf)

<use mainwindow_ui.pdf, page 1>
Package pdftex.def Info: mainwindow_ui.pdf, page1 used on input line 293.
(pdftex.def)             Requested size: 836.10736pt x 1183.16447pt.
File: mainwindow_ui.pdf Graphic file (type pdf)
 <use mainwindow_ui.pdf, page 1>
Package pdftex.def Info: mainwindow_ui.pdf, page1 used on input line 293.
(pdftex.def)             Requested size: 836.10736pt x 1183.16447pt.
File: mainwindow_ui.pdf Graphic file (type pdf)

<use mainwindow_ui.pdf, page 1>
Package pdftex.def Info: mainwindow_ui.pdf, page1 used on input line 293.
(pdftex.def)             Requested size: 836.10736pt x 1183.16447pt.
 [24 <./mainwindow_ui.pdf>]
<mainwindow_ui.pdf, id=364, page=2, 597.19106pt x 845.07718pt>
File: mainwindow_ui.pdf Graphic file (type pdf)

<use mainwindow_ui.pdf, page 2>
Package pdftex.def Info: mainwindow_ui.pdf, page2 used on input line 293.
(pdftex.def)             Requested size: 836.10736pt x 1183.16447pt.
File: mainwindow_ui.pdf Graphic file (type pdf)
 <use mainwindow_ui.pdf, page 2>
Package pdftex.def Info: mainwindow_ui.pdf, page2 used on input line 293.
(pdftex.def)             Requested size: 836.10736pt x 1183.16447pt.
File: mainwindow_ui.pdf Graphic file (type pdf)

<use mainwindow_ui.pdf, page 2>
Package pdftex.def Info: mainwindow_ui.pdf, page2 used on input line 293.
(pdftex.def)             Requested size: 836.10736pt x 1183.16447pt.
 [25 <./mainwindow_ui.pdf>]
<mainwindow_ui.pdf, id=370, page=3, 597.19106pt x 845.07718pt>
File: mainwindow_ui.pdf Graphic file (type pdf)

<use mainwindow_ui.pdf, page 3>
Package pdftex.def Info: mainwindow_ui.pdf, page3 used on input line 293.
(pdftex.def)             Requested size: 836.10736pt x 1183.16447pt.
File: mainwindow_ui.pdf Graphic file (type pdf)
 <use mainwindow_ui.pdf, page 3>
Package pdftex.def Info: mainwindow_ui.pdf, page3 used on input line 293.
(pdftex.def)             Requested size: 836.10736pt x 1183.16447pt.
File: mainwindow_ui.pdf Graphic file (type pdf)

<use mainwindow_ui.pdf, page 3>
Package pdftex.def Info: mainwindow_ui.pdf, page3 used on input line 293.
(pdftex.def)             Requested size: 836.10736pt x 1183.16447pt.
 [26 <./mainwindow_ui.pdf>]
<mainwindow_ui.pdf, id=375, page=4, 597.19106pt x 845.07718pt>
File: mainwindow_ui.pdf Graphic file (type pdf)

<use mainwindow_ui.pdf, page 4>
Package pdftex.def Info: mainwindow_ui.pdf, page4 used on input line 293.
(pdftex.def)             Requested size: 836.10736pt x 1183.16447pt.
File: mainwindow_ui.pdf Graphic file (type pdf)
 <use mainwindow_ui.pdf, page 4>
Package pdftex.def Info: mainwindow_ui.pdf, page4 used on input line 293.
(pdftex.def)             Requested size: 836.10736pt x 1183.16447pt.
File: mainwindow_ui.pdf Graphic file (type pdf)

<use mainwindow_ui.pdf, page 4>
Package pdftex.def Info: mainwindow_ui.pdf, page4 used on input line 293.
(pdftex.def)             Requested size: 836.10736pt x 1183.16447pt.
 [27 <./mainwindow_ui.pdf>]
<mainwindow_ui.pdf, id=380, page=5, 597.19106pt x 845.07718pt>
File: mainwindow_ui.pdf Graphic file (type pdf)

<use mainwindow_ui.pdf, page 5>
Package pdftex.def Info: mainwindow_ui.pdf, page5 used on input line 293.
(pdftex.def)             Requested size: 836.10736pt x 1183.16447pt.
File: mainwindow_ui.pdf Graphic file (type pdf)
 <use mainwindow_ui.pdf, page 5>
Package pdftex.def Info: mainwindow_ui.pdf, page5 used on input line 293.
(pdftex.def)             Requested size: 836.10736pt x 1183.16447pt.
File: mainwindow_ui.pdf Graphic file (type pdf)

<use mainwindow_ui.pdf, page 5>
Package pdftex.def Info: mainwindow_ui.pdf, page5 used on input line 293.
(pdftex.def)             Requested size: 836.10736pt x 1183.16447pt.
 [28 <./mainwindow_ui.pdf>]
<mainwindow_ui.pdf, id=385, page=6, 597.19106pt x 845.07718pt>
File: mainwindow_ui.pdf Graphic file (type pdf)

<use mainwindow_ui.pdf, page 6>
Package pdftex.def Info: mainwindow_ui.pdf, page6 used on input line 293.
(pdftex.def)             Requested size: 836.10736pt x 1183.16447pt.
File: mainwindow_ui.pdf Graphic file (type pdf)
 <use mainwindow_ui.pdf, page 6>
Package pdftex.def Info: mainwindow_ui.pdf, page6 used on input line 293.
(pdftex.def)             Requested size: 836.10736pt x 1183.16447pt.
File: mainwindow_ui.pdf Graphic file (type pdf)

<use mainwindow_ui.pdf, page 6>
Package pdftex.def Info: mainwindow_ui.pdf, page6 used on input line 293.
(pdftex.def)             Requested size: 836.10736pt x 1183.16447pt.
 [29 <./mainwindow_ui.pdf>]
<mainwindow_ui.pdf, id=390, page=7, 597.19106pt x 845.07718pt>
File: mainwindow_ui.pdf Graphic file (type pdf)

<use mainwindow_ui.pdf, page 7>
Package pdftex.def Info: mainwindow_ui.pdf, page7 used on input line 293.
(pdftex.def)             Requested size: 836.10736pt x 1183.16447pt.
File: mainwindow_ui.pdf Graphic file (type pdf)
 <use mainwindow_ui.pdf, page 7>
Package pdftex.def Info: mainwindow_ui.pdf, page7 used on input line 293.
(pdftex.def)             Requested size: 836.10736pt x 1183.16447pt.
File: mainwindow_ui.pdf Graphic file (type pdf)

<use mainwindow_ui.pdf, page 7>
Package pdftex.def Info: mainwindow_ui.pdf, page7 used on input line 293.
(pdftex.def)             Requested size: 836.10736pt x 1183.16447pt.
 [30 <./mainwindow_ui.pdf>]
<mainwindow.pdf, id=395, 597.19106pt x 845.07718pt>
File: mainwindow.pdf Graphic file (type pdf)
 <use mainwindow.pdf>
Package pdftex.def Info: mainwindow.pdf used on input line 294.
(pdftex.def)             Requested size: 597.1896pt x 845.07512pt.
File: mainwindow.pdf Graphic file (type pdf)

<use mainwindow.pdf>
Package pdftex.def Info: mainwindow.pdf used on input line 294.
(pdftex.def)             Requested size: 597.1896pt x 845.07512pt.

<mainwindow.pdf, id=398, page=1, 597.19106pt x 845.07718pt>
File: mainwindow.pdf Graphic file (type pdf)

<use mainwindow.pdf, page 1>
Package pdftex.def Info: mainwindow.pdf, page1 used on input line 294.
(pdftex.def)             Requested size: 426.79135pt x 603.94193pt.
File: mainwindow.pdf Graphic file (type pdf)
 <use mainwindow.pdf, page 1>
Package pdftex.def Info: mainwindow.pdf, page1 used on input line 294.
(pdftex.def)             Requested size: 836.10736pt x 1183.16447pt.
File: mainwindow.pdf Graphic file (type pdf)

<use mainwindow.pdf, page 1>
Package pdftex.def Info: mainwindow.pdf, page1 used on input line 294.
(pdftex.def)             Requested size: 836.10736pt x 1183.16447pt.
File: mainwindow.pdf Graphic file (type pdf)
 <use mainwindow.pdf, page 1>
Package pdftex.def Info: mainwindow.pdf, page1 used on input line 294.
(pdftex.def)             Requested size: 836.10736pt x 1183.16447pt.
File: mainwindow.pdf Graphic file (type pdf)

<use mainwindow.pdf, page 1>
Package pdftex.def Info: mainwindow.pdf, page1 used on input line 294.
(pdftex.def)             Requested size: 836.10736pt x 1183.16447pt.
 [31 <./mainwindow.pdf>]
<mainwindow.pdf, id=421, page=2, 597.19106pt x 845.07718pt>
File: mainwindow.pdf Graphic file (type pdf)

<use mainwindow.pdf, page 2>
Package pdftex.def Info: mainwindow.pdf, page2 used on input line 294.
(pdftex.def)             Requested size: 836.10736pt x 1183.16447pt.
File: mainwindow.pdf Graphic file (type pdf)
 <use mainwindow.pdf, page 2>
Package pdftex.def Info: mainwindow.pdf, page2 used on input line 294.
(pdftex.def)             Requested size: 836.10736pt x 1183.16447pt.
File: mainwindow.pdf Graphic file (type pdf)

<use mainwindow.pdf, page 2>
Package pdftex.def Info: mainwindow.pdf, page2 used on input line 294.
(pdftex.def)             Requested size: 836.10736pt x 1183.16447pt.
 [32 <./mainwindow.pdf>]
<mainwindow.pdf, id=426, page=3, 597.19106pt x 845.07718pt>
File: mainwindow.pdf Graphic file (type pdf)

<use mainwindow.pdf, page 3>
Package pdftex.def Info: mainwindow.pdf, page3 used on input line 294.
(pdftex.def)             Requested size: 836.10736pt x 1183.16447pt.
File: mainwindow.pdf Graphic file (type pdf)
 <use mainwindow.pdf, page 3>
Package pdftex.def Info: mainwindow.pdf, page3 used on input line 294.
(pdftex.def)             Requested size: 836.10736pt x 1183.16447pt.
File: mainwindow.pdf Graphic file (type pdf)

<use mainwindow.pdf, page 3>
Package pdftex.def Info: mainwindow.pdf, page3 used on input line 294.
(pdftex.def)             Requested size: 836.10736pt x 1183.16447pt.
 [33 <./mainwindow.pdf>]
<mainwindow.pdf, id=431, page=4, 597.19106pt x 845.07718pt>
File: mainwindow.pdf Graphic file (type pdf)

<use mainwindow.pdf, page 4>
Package pdftex.def Info: mainwindow.pdf, page4 used on input line 294.
(pdftex.def)             Requested size: 836.10736pt x 1183.16447pt.
File: mainwindow.pdf Graphic file (type pdf)
 <use mainwindow.pdf, page 4>
Package pdftex.def Info: mainwindow.pdf, page4 used on input line 294.
(pdftex.def)             Requested size: 836.10736pt x 1183.16447pt.
File: mainwindow.pdf Graphic file (type pdf)

<use mainwindow.pdf, page 4>
Package pdftex.def Info: mainwindow.pdf, page4 used on input line 294.
(pdftex.def)             Requested size: 836.10736pt x 1183.16447pt.
 [34 <./mainwindow.pdf>]
<mainwindow.pdf, id=436, page=5, 597.19106pt x 845.07718pt>
File: mainwindow.pdf Graphic file (type pdf)

<use mainwindow.pdf, page 5>
Package pdftex.def Info: mainwindow.pdf, page5 used on input line 294.
(pdftex.def)             Requested size: 836.10736pt x 1183.16447pt.
File: mainwindow.pdf Graphic file (type pdf)
 <use mainwindow.pdf, page 5>
Package pdftex.def Info: mainwindow.pdf, page5 used on input line 294.
(pdftex.def)             Requested size: 836.10736pt x 1183.16447pt.
File: mainwindow.pdf Graphic file (type pdf)

<use mainwindow.pdf, page 5>
Package pdftex.def Info: mainwindow.pdf, page5 used on input line 294.
(pdftex.def)             Requested size: 836.10736pt x 1183.16447pt.
 [35 <./mainwindow.pdf>]
<main_window.pdf, id=442, 597.19106pt x 845.07718pt>
File: main_window.pdf Graphic file (type pdf)
 <use main_window.pdf>
Package pdftex.def Info: main_window.pdf used on input line 295.
(pdftex.def)             Requested size: 597.1896pt x 845.07512pt.
File: main_window.pdf Graphic file (type pdf)

<use main_window.pdf>
Package pdftex.def Info: main_window.pdf used on input line 295.
(pdftex.def)             Requested size: 597.1896pt x 845.07512pt.

<main_window.pdf, id=445, page=1, 597.19106pt x 845.07718pt>
File: main_window.pdf Graphic file (type pdf)

<use main_window.pdf, page 1>
Package pdftex.def Info: main_window.pdf, page1 used on input line 295.
(pdftex.def)             Requested size: 426.79135pt x 603.94193pt.
File: main_window.pdf Graphic file (type pdf)
 <use main_window.pdf, page 1>
Package pdftex.def Info: main_window.pdf, page1 used on input line 295.
(pdftex.def)             Requested size: 836.10736pt x 1183.16447pt.
File: main_window.pdf Graphic file (type pdf)

<use main_window.pdf, page 1>
Package pdftex.def Info: main_window.pdf, page1 used on input line 295.
(pdftex.def)             Requested size: 836.10736pt x 1183.16447pt.
File: main_window.pdf Graphic file (type pdf)
 <use main_window.pdf, page 1>
Package pdftex.def Info: main_window.pdf, page1 used on input line 295.
(pdftex.def)             Requested size: 836.10736pt x 1183.16447pt.
File: main_window.pdf Graphic file (type pdf)

<use main_window.pdf, page 1>
Package pdftex.def Info: main_window.pdf, page1 used on input line 295.
(pdftex.def)             Requested size: 836.10736pt x 1183.16447pt.
 [36 <./main_window.pdf>]
<main_window.pdf, id=467, page=2, 597.19106pt x 845.07718pt>
File: main_window.pdf Graphic file (type pdf)

<use main_window.pdf, page 2>
Package pdftex.def Info: main_window.pdf, page2 used on input line 295.
(pdftex.def)             Requested size: 836.10736pt x 1183.16447pt.
File: main_window.pdf Graphic file (type pdf)
 <use main_window.pdf, page 2>
Package pdftex.def Info: main_window.pdf, page2 used on input line 295.
(pdftex.def)             Requested size: 836.10736pt x 1183.16447pt.
File: main_window.pdf Graphic file (type pdf)

<use main_window.pdf, page 2>
Package pdftex.def Info: main_window.pdf, page2 used on input line 295.
(pdftex.def)             Requested size: 836.10736pt x 1183.16447pt.
 [37 <./main_window.pdf>]
<main_window.pdf, id=473, page=3, 597.19106pt x 845.07718pt>
File: main_window.pdf Graphic file (type pdf)

<use main_window.pdf, page 3>
Package pdftex.def Info: main_window.pdf, page3 used on input line 295.
(pdftex.def)             Requested size: 836.10736pt x 1183.16447pt.
File: main_window.pdf Graphic file (type pdf)
 <use main_window.pdf, page 3>
Package pdftex.def Info: main_window.pdf, page3 used on input line 295.
(pdftex.def)             Requested size: 836.10736pt x 1183.16447pt.
File: main_window.pdf Graphic file (type pdf)

<use main_window.pdf, page 3>
Package pdftex.def Info: main_window.pdf, page3 used on input line 295.
(pdftex.def)             Requested size: 836.10736pt x 1183.16447pt.
 [38 <./main_window.pdf>]
<main_window.pdf, id=478, page=4, 597.19106pt x 845.07718pt>
File: main_window.pdf Graphic file (type pdf)

<use main_window.pdf, page 4>
Package pdftex.def Info: main_window.pdf, page4 used on input line 295.
(pdftex.def)             Requested size: 836.10736pt x 1183.16447pt.
File: main_window.pdf Graphic file (type pdf)
 <use main_window.pdf, page 4>
Package pdftex.def Info: main_window.pdf, page4 used on input line 295.
(pdftex.def)             Requested size: 836.10736pt x 1183.16447pt.
File: main_window.pdf Graphic file (type pdf)

<use main_window.pdf, page 4>
Package pdftex.def Info: main_window.pdf, page4 used on input line 295.
(pdftex.def)             Requested size: 836.10736pt x 1183.16447pt.
 [39 <./main_window.pdf>]
<post_it_replace.pdf, id=484, 597.19106pt x 845.07718pt>
File: post_it_replace.pdf Graphic file (type pdf)

<use post_it_replace.pdf>
Package pdftex.def Info: post_it_replace.pdf used on input line 296.
(pdftex.def)             Requested size: 597.1896pt x 845.07512pt.
File: post_it_replace.pdf Graphic file (type pdf)
 <use post_it_replace.pdf>
Package pdftex.def Info: post_it_replace.pdf used on input line 296.
(pdftex.def)             Requested size: 597.1896pt x 845.07512pt.

<post_it_replace.pdf, id=487, page=1, 597.19106pt x 845.07718pt>
File: post_it_replace.pdf Graphic file (type pdf)

<use post_it_replace.pdf, page 1>
Package pdftex.def Info: post_it_replace.pdf, page1 used on input line 296.
(pdftex.def)             Requested size: 426.79135pt x 603.94193pt.
File: post_it_replace.pdf Graphic file (type pdf)
 <use post_it_replace.pdf, page 1>
Package pdftex.def Info: post_it_replace.pdf, page1 used on input line 296.
(pdftex.def)             Requested size: 836.10736pt x 1183.16447pt.
File: post_it_replace.pdf Graphic file (type pdf)

<use post_it_replace.pdf, page 1>
Package pdftex.def Info: post_it_replace.pdf, page1 used on input line 296.
(pdftex.def)             Requested size: 836.10736pt x 1183.16447pt.
File: post_it_replace.pdf Graphic file (type pdf)
 <use post_it_replace.pdf, page 1>
Package pdftex.def Info: post_it_replace.pdf, page1 used on input line 296.
(pdftex.def)             Requested size: 836.10736pt x 1183.16447pt.
File: post_it_replace.pdf Graphic file (type pdf)

<use post_it_replace.pdf, page 1>
Package pdftex.def Info: post_it_replace.pdf, page1 used on input line 296.
(pdftex.def)             Requested size: 836.10736pt x 1183.16447pt.
 [40 <./post_it_replace.pdf>]
Package atveryend Info: Empty hook `BeforeClearDocument' on input line 356.
 [41

]
Package atveryend Info: Empty hook `AfterLastShipout' on input line 356.

(./project_report.aux)
Package atveryend Info: Executing hook `AtVeryEndDocument' on input line 356.
Package atveryend Info: Executing hook `AtEndAfterFileList' on input line 356.
Package rerunfilecheck Info: File `project_report.out' has not changed.
(rerunfilecheck)             Checksum: 7737D0673B61FA410F6D876C6EA24E90;757.
Package atveryend Info: Empty hook `AtVeryVeryEnd' on input line 356.
 )
(\end occurred inside a group at level 2)

### simple group (level 2) entered at line 117 ({)
### simple group (level 1) entered at line 93 ({)
### bottom level 
Here is how much of TeX's memory you used:
 19560 strings out of 493029
 357756 string characters out of 6136234
 406866 words of memory out of 5000000
 22762 multiletter control sequences out of 15000+600000
 16833 words of font info for 65 fonts, out of 8000000 for 9000
 1141 hyphenation exceptions out of 8191
 43i,19n,51p,10386b,1066s stack positions out of 5000i,500n,10000p,200000b,80000s
</usr/share/texlive/texmf-dist/fonts/type1/public/amsfonts/cm/c
mbx10.pfb></usr/share/texlive/texmf-dist/fonts/type1/public/amsfonts/cm/cmbx12.
pfb></usr/share/texlive/texmf-dist/fonts/type1/public/amsfonts/cm/cmcsc10.pfb><
/usr/share/texlive/texmf-dist/fonts/type1/public/amsfonts/cm/cmr10.pfb></usr/sh
are/texlive/texmf-dist/fonts/type1/public/amsfonts/cm/cmr12.pfb></usr/share/tex
live/texmf-dist/fonts/type1/public/amsfonts/cm/cmsy10.pfb></usr/share/texlive/t
exmf-dist/fonts/type1/public/amsfonts/cm/cmti10.pfb></usr/share/texlive/texmf-d
ist/fonts/type1/public/amsfonts/cm/cmti12.pfb></usr/share/texlive/texmf-dist/fo
nts/type1/public/amsfonts/cm/cmtt10.pfb>
Output written on project_report.pdf (41 pages, 1873614 bytes).
PDF statistics:
 589 PDF objects out of 1000 (max. 8388607)
 401 compressed objects within 5 object streams
 90 named destinations out of 1000 (max. 500000)
 460 words of extra memory for PDF output out of 10000 (max. 10000000)

